<?xml version="1.0" encoding="UTF-8"?>
<testng-results ignored="0" total="2" passed="1" failed="0" skipped="1">
  <reporter-output>
  </reporter-output>
  <suite started-at="2024-01-22T12:54:50 IST" name="Suite Login" finished-at="2024-01-22T12:55:32 IST" duration-ms="41548">
    <groups>
    </groups>
    <test started-at="2024-01-22T12:54:50 IST" name="Login Test" finished-at="2024-01-22T12:55:32 IST" duration-ms="41548">
      <class name="suite.login.LoginTest">
        <test-method is-config="true" signature="init(org.testng.ITestResult)[pri:0, instance:suite.login.LoginTest@3e2055d6]" started-at="2024-01-22T12:54:51 IST" name="init" finished-at="2024-01-22T12:54:53 IST" duration-ms="1922" status="PASS">
          <params>
            <param index="0">
              <value>
                <![CDATA[[TestResult name={null} status=CREATED method=LoginTest.loginTest(java.util.Hashtable)[pri:0, instance:suite.login.LoginTest@3e2055d6] output={null}]]]>
              </value>
            </param>
          </params>
          <reporter-output>
          </reporter-output>
        </test-method> <!-- init -->
        <test-method signature="loginTest(java.util.Hashtable)[pri:0, instance:suite.login.LoginTest@3e2055d6]" started-at="2024-01-22T12:54:53 IST" name="loginTest" data-provider="getData" finished-at="2024-01-22T12:55:30 IST" duration-ms="37012" status="PASS">
          <params>
            <param index="0">
              <value>
                <![CDATA[{password=khopassword1@, browser=chrome, runmode=Y, username=neoneopane@gmail.com}]]>
              </value>
            </param>
          </params>
          <reporter-output>
          </reporter-output>
        </test-method> <!-- loginTest -->
        <test-method is-config="true" signature="tearDown()[pri:0, instance:suite.login.LoginTest@3e2055d6]" started-at="2024-01-22T12:55:30 IST" name="tearDown" finished-at="2024-01-22T12:55:32 IST" duration-ms="2030" status="PASS">
          <reporter-output>
          </reporter-output>
        </test-method> <!-- tearDown -->
        <test-method is-config="true" signature="init(org.testng.ITestResult)[pri:0, instance:suite.login.LoginTest@3e2055d6]" started-at="2024-01-22T12:55:32 IST" name="init" finished-at="2024-01-22T12:55:32 IST" duration-ms="9" status="PASS">
          <params>
            <param index="0">
              <value>
                <![CDATA[[TestResult name={null} status=CREATED method=LoginTest.loginTest(java.util.Hashtable)[pri:0, instance:suite.login.LoginTest@3e2055d6] output={null}]]]>
              </value>
            </param>
          </params>
          <reporter-output>
          </reporter-output>
        </test-method> <!-- init -->
        <test-method signature="loginTest(java.util.Hashtable)[pri:0, instance:suite.login.LoginTest@3e2055d6]" started-at="2024-01-22T12:55:32 IST" name="loginTest" data-provider="getData" finished-at="2024-01-22T12:55:32 IST" duration-ms="39" status="SKIP">
          <params>
            <param index="0">
              <value>
                <![CDATA[{password=rrrrrr, browser=ff, runmode=N, username=neoneopane@gmail.com}]]>
              </value>
            </param>
          </params>
          <exception class="org.testng.SkipException">
            <message>
              <![CDATA[The runmode is N]]>
            </message>
            <full-stacktrace>
              <![CDATA[org.testng.SkipException: The runmode is N
at suite.login.LoginTest.loginTest(LoginTest.java:34)
at java.base/jdk.internal.reflect.DirectMethodHandleAccessor.invoke(DirectMethodHandleAccessor.java:104)
at java.base/java.lang.reflect.Method.invoke(Method.java:578)
at org.testng.internal.MethodInvocationHelper.invokeMethod(MethodInvocationHelper.java:132)
at org.testng.internal.TestInvoker.invokeMethod(TestInvoker.java:599)
at org.testng.internal.TestInvoker.invokeTestMethod(TestInvoker.java:174)
at org.testng.internal.MethodRunner.runInSequence(MethodRunner.java:46)
at org.testng.internal.TestInvoker$MethodInvocationAgent.invoke(TestInvoker.java:822)
at org.testng.internal.TestInvoker.invokeTestMethods(TestInvoker.java:147)
at org.testng.internal.TestMethodWorker.invokeTestMethods(TestMethodWorker.java:146)
at org.testng.internal.TestMethodWorker.run(TestMethodWorker.java:128)
at java.base/java.util.ArrayList.forEach(ArrayList.java:1511)
at org.testng.TestRunner.privateRun(TestRunner.java:764)
at org.testng.TestRunner.run(TestRunner.java:585)
at org.testng.SuiteRunner.runTest(SuiteRunner.java:384)
at org.testng.SuiteRunner.access$000(SuiteRunner.java:28)
at org.testng.SuiteRunner$SuiteWorker.run(SuiteRunner.java:425)
at org.testng.internal.thread.ThreadUtil.lambda$execute$0(ThreadUtil.java:66)
at java.base/java.util.concurrent.FutureTask.run(FutureTask.java:317)
at java.base/java.util.concurrent.ThreadPoolExecutor.runWorker(ThreadPoolExecutor.java:1144)
at java.base/java.util.concurrent.ThreadPoolExecutor$Worker.run(ThreadPoolExecutor.java:642)
at java.base/java.lang.Thread.run(Thread.java:1623)
]]>
            </full-stacktrace>
          </exception> <!-- org.testng.SkipException -->
          <reporter-output>
          </reporter-output>
        </test-method> <!-- loginTest -->
        <test-method is-config="true" signature="tearDown()[pri:0, instance:suite.login.LoginTest@3e2055d6]" started-at="2024-01-22T12:55:32 IST" name="tearDown" finished-at="2024-01-22T12:55:32 IST" duration-ms="47" status="PASS">
          <reporter-output>
          </reporter-output>
        </test-method> <!-- tearDown -->
      </class> <!-- suite.login.LoginTest -->
    </test> <!-- Login Test -->
  </suite> <!-- Suite Login -->
</testng-results>
