<?xml version="1.0" encoding="UTF-8"?>
<testsuite xmlns:xsi="http://www.w3.org/2001/XMLSchema-instance" xsi:noNamespaceSchemaLocation="https://maven.apache.org/surefire/maven-surefire-plugin/xsd/surefire-test-report-3.0.xsd" version="3.0" name="TestSuite" time="48.169" tests="2" errors="0" skipped="1" failures="0">
  <properties>
[...]
</properties>
  <testcase name="loginTest[{password=khopassword1@, browser=chrome, runmode=Y, username=neoneopane@gmail.com}](1)" classname="suite.login.LoginTest" time="37.009">
    <system-out><![CDATA[Got data for loginTest
starting rowNum is : 1
Total Columns : 4
Total Rows : 2
runmode--Y--browser--chrome--username--neoneopane@gmail.com--password--khopassword1@--
runmode--N--browser--ff--username--neoneopane@gmail.com--password--rrrrrr--
LOGINTEST
]]></system-out>
    <system-err><![CDATA[SLF4J: No SLF4J providers were found.
SLF4J: Defaulting to no-operation (NOP) logger implementation
SLF4J: See https://www.slf4j.org/codes.html#noProviders for further details.
]]></system-err>
  </testcase>
  <testcase name="loginTest[{password=rrrrrr, browser=ff, runmode=N, username=neoneopane@gmail.com}](2)" classname="suite.login.LoginTest" time="0.0">
    <skipped message="The runmode is N"/>
    <system-out><![CDATA[LOGINTEST
]]></system-out>
    <system-err><![CDATA[log4j:WARN No appenders could be found for logger (freemarker.cache).
log4j:WARN Please initialize the log4j system properly.
]]></system-err>
  </testcase>
</testsuite>