<?xml version="1.0" encoding="UTF-8"?>
<testng-results ignored="0" total="2" passed="1" failed="0" skipped="1">
  <reporter-output>
  </reporter-output>
  <suite started-at="2024-01-22T10:45:56 IST" name="Suite Login" finished-at="2024-01-22T10:46:42 IST" duration-ms="45398">
    <groups>
    </groups>
    <test started-at="2024-01-22T10:45:56 IST" name="Login Test" finished-at="2024-01-22T10:46:42 IST" duration-ms="45398">
      <class name="suite.login.LoginTest">
        <test-method is-config="true" signature="init(org.testng.ITestResult)[pri:0, instance:suite.login.LoginTest@48d61b48]" started-at="2024-01-22T10:45:57 IST" name="init" finished-at="2024-01-22T10:45:58 IST" duration-ms="1400" status="PASS">
          <params>
            <param index="0">
              <value>
                <![CDATA[[TestResult name={null} status=CREATED method=LoginTest.loginTest(java.util.Hashtable)[pri:0, instance:suite.login.LoginTest@48d61b48] output={null}]]]>
              </value>
            </param>
          </params>
          <reporter-output>
          </reporter-output>
        </test-method> <!-- init -->
        <test-method signature="loginTest(java.util.Hashtable)[pri:0, instance:suite.login.LoginTest@48d61b48]" started-at="2024-01-22T10:45:58 IST" name="loginTest" data-provider="getData" finished-at="2024-01-22T10:46:37 IST" duration-ms="38371" status="PASS">
          <params>
            <param index="0">
              <value>
                <![CDATA[{password=khopassword1@, browser=chrome, runmode=Y, username=neoneopane@gmail.com}]]>
              </value>
            </param>
          </params>
          <reporter-output>
          </reporter-output>
        </test-method> <!-- loginTest -->
        <test-method is-config="true" signature="tearDown()[pri:0, instance:suite.login.LoginTest@48d61b48]" started-at="2024-01-22T10:46:37 IST" name="tearDown" finished-at="2024-01-22T10:46:42 IST" duration-ms="4780" status="PASS">
          <reporter-output>
          </reporter-output>
        </test-method> <!-- tearDown -->
        <test-method is-config="true" signature="init(org.testng.ITestResult)[pri:0, instance:suite.login.LoginTest@48d61b48]" started-at="2024-01-22T10:46:42 IST" name="init" finished-at="2024-01-22T10:46:42 IST" duration-ms="1" status="PASS">
          <params>
            <param index="0">
              <value>
                <![CDATA[[TestResult name={null} status=CREATED method=LoginTest.loginTest(java.util.Hashtable)[pri:0, instance:suite.login.LoginTest@48d61b48] output={null}]]]>
              </value>
            </param>
          </params>
          <reporter-output>
          </reporter-output>
        </test-method> <!-- init -->
        <test-method signature="loginTest(java.util.Hashtable)[pri:0, instance:suite.login.LoginTest@48d61b48]" started-at="2024-01-22T10:46:42 IST" name="loginTest" data-provider="getData" finished-at="2024-01-22T10:46:42 IST" duration-ms="48" status="SKIP">
          <params>
            <param index="0">
              <value>
                <![CDATA[{password=rrrrrr, browser=ff, runmode=N, username=neoneopane@gmail.com}]]>
              </value>
            </param>
          </params>
          <exception class="org.testng.SkipException">
            <message>
              <![CDATA[The runmode is N]]>
            </message>
            <full-stacktrace>
              <![CDATA[org.testng.SkipException: The runmode is N
at suite.login.LoginTest.loginTest(LoginTest.java:34)
at java.base/jdk.internal.reflect.DirectMethodHandleAccessor.invoke(DirectMethodHandleAccessor.java:104)
at java.base/java.lang.reflect.Method.invoke(Method.java:578)
at org.testng.internal.invokers.MethodInvocationHelper.invokeMethod(MethodInvocationHelper.java:139)
at org.testng.internal.invokers.TestInvoker.invokeMethod(TestInvoker.java:664)
at org.testng.internal.invokers.TestInvoker.invokeTestMethod(TestInvoker.java:227)
at org.testng.internal.invokers.MethodRunner.runInSequence(MethodRunner.java:50)
at org.testng.internal.invokers.TestInvoker$MethodInvocationAgent.invoke(TestInvoker.java:957)
at org.testng.internal.invokers.TestInvoker.invokeTestMethods(TestInvoker.java:200)
at org.testng.internal.invokers.TestMethodWorker.invokeTestMethods(TestMethodWorker.java:148)
at org.testng.internal.invokers.TestMethodWorker.run(TestMethodWorker.java:128)
at java.base/java.util.ArrayList.forEach(ArrayList.java:1511)
at org.testng.TestRunner.privateRun(TestRunner.java:848)
at org.testng.TestRunner.run(TestRunner.java:621)
at org.testng.SuiteRunner.runTest(SuiteRunner.java:443)
at org.testng.SuiteRunner$SuiteWorker.run(SuiteRunner.java:481)
at org.testng.internal.thread.ThreadUtil.lambda$execute$0(ThreadUtil.java:58)
at java.base/java.util.concurrent.FutureTask.run(FutureTask.java:317)
at java.base/java.util.concurrent.ThreadPoolExecutor.runWorker(ThreadPoolExecutor.java:1144)
at java.base/java.util.concurrent.ThreadPoolExecutor$Worker.run(ThreadPoolExecutor.java:642)
at java.base/java.lang.Thread.run(Thread.java:1623)
]]>
            </full-stacktrace>
          </exception> <!-- org.testng.SkipException -->
          <reporter-output>
          </reporter-output>
        </test-method> <!-- loginTest -->
        <test-method is-config="true" signature="tearDown()[pri:0, instance:suite.login.LoginTest@48d61b48]" started-at="2024-01-22T10:46:42 IST" name="tearDown" finished-at="2024-01-22T10:46:42 IST" duration-ms="108" status="PASS">
          <reporter-output>
          </reporter-output>
        </test-method> <!-- tearDown -->
      </class> <!-- suite.login.LoginTest -->
    </test> <!-- Login Test -->
  </suite> <!-- Suite Login -->
</testng-results>
